# JRE version: Java(TM) SE Runtime Environment (8.0_111-b14) (build 1.8.0_111-b14)
# Java VM: Java HotSpot(TM) 64-Bit Server VM (25.111-b14 mixed mode bsd-amd64 compressed oops)
Heap:
 PSYoungGen      total 74752K, used 71750K [0x0000000795580000, 0x000000079bb00000, 0x00000007c0000000)
  eden space 71680K, 96% used [0x0000000795580000,0x00000007998da468,0x0000000799b80000)
  from space 3072K, 90% used [0x000000079b500000,0x000000079b7b7458,0x000000079b800000)
  to   space 3072K, 0% used [0x000000079b800000,0x000000079b800000,0x000000079bb00000)
 ParOldGen       total 87552K, used 22783K [0x0000000740000000, 0x0000000745580000, 0x0000000795580000)
  object space 87552K, 26% used [0x0000000740000000,0x000000074163fe20,0x0000000745580000)
 Metaspace       used 20501K, capacity 21546K, committed 21760K, reserved 1069056K
  class space    used 2791K, capacity 3016K, committed 3072K, reserved 1048576K
GC Heap History (10 events):
Event: 29.666 GC heap before
{Heap before GC invocations=95 (full 2):
 PSYoungGen      total 84992K, used 84856K [0x0000000795580000, 0x000000079bf80000, 0x00000007c0000000)
  eden space 83968K, 100% used [0x0000000795580000,0x000000079a780000,0x000000079a780000)
  from space 1024K, 86% used [0x000000079be80000,0x000000079bf5e250,0x000000079bf80000)
  to   space 2560K, 0% used [0x000000079ba80000,0x000000079ba80000,0x000000079bd00000)
 ParOldGen       total 87552K, used 18535K [0x0000000740000000, 0x0000000745580000, 0x0000000795580000)
  object space 87552K, 21% used [0x0000000740000000,0x0000000741219c28,0x0000000745580000)
 Metaspace       used 19680K, capacity 20736K, committed 20992K, reserved 1067008K
  class space    used 2773K, capacity 3009K, committed 3072K, reserved 1048576K
Event: 29.667 GC heap after
Heap after GC invocations=95 (full 2):
 PSYoungGen      total 82432K, used 1019K [0x0000000795580000, 0x000000079bf00000, 0x00000007c0000000)
  eden space 81408K, 0% used [0x0000000795580000,0x0000000795580000,0x000000079a500000)
  from space 1024K, 99% used [0x000000079ba80000,0x000000079bb7ee10,0x000000079bb80000)
  to   space 2560K, 0% used [0x000000079bc80000,0x000000079bc80000,0x000000079bf00000)
 ParOldGen       total 87552K, used 18543K [0x0000000740000000, 0x0000000745580000, 0x0000000795580000)
  object space 87552K, 21% used [0x0000000740000000,0x000000074121bc28,0x0000000745580000)
 Metaspace       used 19680K, capacity 20736K, committed 20992K, reserved 1067008K
  class space    used 2773K, capacity 3009K, committed 3072K, reserved 1048576K
}
Event: 29.875 GC heap before
{Heap before GC invocations=96 (full 2):
 PSYoungGen      total 82432K, used 82427K [0x0000000795580000, 0x000000079bf00000, 0x00000007c0000000)
  eden space 81408K, 100% used [0x0000000795580000,0x000000079a500000,0x000000079a500000)
  from space 1024K, 99% used [0x000000079ba80000,0x000000079bb7ee10,0x000000079bb80000)
  to   space 2560K, 0% used [0x000000079bc80000,0x000000079bc80000,0x000000079bf00000)
 ParOldGen       total 87552K, used 18543K [0x0000000740000000, 0x0000000745580000, 0x0000000795580000)
  object space 87552K, 21% used [0x0000000740000000,0x000000074121bc28,0x0000000745580000)
 Metaspace       used 19681K, capacity 20736K, committed 20992K, reserved 1067008K
  class space    used 2773K, capacity 3009K, committed 3072K, reserved 1048576K
Event: 29.878 GC heap after
Heap after GC invocations=96 (full 2):
 PSYoungGen      total 81408K, used 2557K [0x0000000795580000, 0x000000079bf00000, 0x00000007c0000000)
  eden space 78848K, 0% used [0x0000000795580000,0x0000000795580000,0x000000079a280000)
  from space 2560K, 99% used [0x000000079bc80000,0x000000079beff798,0x000000079bf00000)
  to   space 3584K, 0% used [0x000000079b800000,0x000000079b800000,0x000000079bb80000)
 ParOldGen       total 87552K, used 20135K [0x0000000740000000, 0x0000000745580000, 0x0000000795580000)
  object space 87552K, 22% used [0x0000000740000000,0x00000007413a9c28,0x0000000745580000)
 Metaspace       used 19681K, capacity 20736K, committed 20992K, reserved 1067008K
  class space    used 2773K, capacity 3009K, committed 3072K, reserved 1048576K
}
Event: 47.223 GC heap before
{Heap before GC invocations=97 (full 2):
 PSYoungGen      total 81408K, used 81405K [0x0000000795580000, 0x000000079bf00000, 0x00000007c0000000)
  eden space 78848K, 100% used [0x0000000795580000,0x000000079a280000,0x000000079a280000)
  from space 2560K, 99% used [0x000000079bc80000,0x000000079beff798,0x000000079bf00000)
  to   space 3584K, 0% used [0x000000079b800000,0x000000079b800000,0x000000079bb80000)
 ParOldGen       total 87552K, used 20135K [0x0000000740000000, 0x0000000745580000, 0x0000000795580000)
  object space 87552K, 22% used [0x0000000740000000,0x00000007413a9c28,0x0000000745580000)
 Metaspace       used 20246K, capacity 21278K, committed 21504K, reserved 1067008K
  class space    used 2789K, capacity 3014K, committed 3072K, reserved 1048576K
Event: 47.231 GC heap after
Heap after GC invocations=97 (full 2):
 PSYoungGen      total 78848K, used 2489K [0x0000000795580000, 0x000000079bd00000, 0x00000007c0000000)
  eden space 76288K, 0% used [0x0000000795580000,0x0000000795580000,0x000000079a000000)
  from space 2560K, 97% used [0x000000079b800000,0x000000079ba6e7b8,0x000000079ba80000)
  to   space 2560K, 0% used [0x000000079ba80000,0x000000079ba80000,0x000000079bd00000)
 ParOldGen       total 87552K, used 22314K [0x0000000740000000, 0x0000000745580000, 0x0000000795580000)
  object space 87552K, 25% used [0x0000000740000000,0x00000007415caac0,0x0000000745580000)
 Metaspace       used 20246K, capacity 21278K, committed 21504K, reserved 1067008K
  class space    used 2789K, capacity 3014K, committed 3072K, reserved 1048576K
}
Event: 47.949 GC heap before
{Heap before GC invocations=98 (full 2):
 PSYoungGen      total 78848K, used 78777K [0x0000000795580000, 0x000000079bd00000, 0x00000007c0000000)
  eden space 76288K, 100% used [0x0000000795580000,0x000000079a000000,0x000000079a000000)
  from space 2560K, 97% used [0x000000079b800000,0x000000079ba6e7b8,0x000000079ba80000)
  to   space 2560K, 0% used [0x000000079ba80000,0x000000079ba80000,0x000000079bd00000)
 ParOldGen       total 87552K, used 22314K [0x0000000740000000, 0x0000000745580000, 0x0000000795580000)
  object space 87552K, 25% used [0x0000000740000000,0x00000007415caac0,0x0000000745580000)
 Metaspace       used 20272K, capacity 21354K, committed 21504K, reserved 1067008K
  class space    used 2791K, capacity 3016K, committed 3072K, reserved 1048576K
Event: 47.953 GC heap after
Heap after GC invocations=98 (full 2):
 PSYoungGen      total 76288K, used 2528K [0x0000000795580000, 0x000000079bd00000, 0x00000007c0000000)
  eden space 73728K, 0% used [0x0000000795580000,0x0000000795580000,0x0000000799d80000)
  from space 2560K, 98% used [0x000000079ba80000,0x000000079bcf8108,0x000000079bd00000)
  to   space 4096K, 0% used [0x000000079b500000,0x000000079b500000,0x000000079b900000)
 ParOldGen       total 87552K, used 22759K [0x0000000740000000, 0x0000000745580000, 0x0000000795580000)
  object space 87552K, 25% used [0x0000000740000000,0x0000000741639e20,0x0000000745580000)
 Metaspace       used 20272K, capacity 21354K, committed 21504K, reserved 1067008K
  class space    used 2791K, capacity 3016K, committed 3072K, reserved 1048576K
}
Event: 50.526 GC heap before
{Heap before GC invocations=99 (full 2):
 PSYoungGen      total 76288K, used 76256K [0x0000000795580000, 0x000000079bd00000, 0x00000007c0000000)
  eden space 73728K, 100% used [0x0000000795580000,0x0000000799d80000,0x0000000799d80000)
  from space 2560K, 98% used [0x000000079ba80000,0x000000079bcf8108,0x000000079bd00000)
  to   space 4096K, 0% used [0x000000079b500000,0x000000079b500000,0x000000079b900000)
 ParOldGen       total 87552K, used 22759K [0x0000000740000000, 0x0000000745580000, 0x0000000795580000)
  object space 87552K, 25% used [0x0000000740000000,0x0000000741639e20,0x0000000745580000)
 Metaspace       used 20317K, capacity 21354K, committed 21504K, reserved 1067008K
  class space    used 2791K, capacity 3016K, committed 3072K, reserved 1048576K
Event: 50.529 GC heap after
Heap after GC invocations=99 (full 2):
 PSYoungGen      total 74752K, used 2781K [0x0000000795580000, 0x000000079bb00000, 0x00000007c0000000)
  eden space 71680K, 0% used [0x0000000795580000,0x0000000795580000,0x0000000799b80000)
  from space 3072K, 90% used [0x000000079b500000,0x000000079b7b7458,0x000000079b800000)
  to   space 3072K, 0% used [0x000000079b800000,0x000000079b800000,0x000000079bb00000)
 ParOldGen       total 87552K, used 22783K [0x0000000740000000, 0x0000000745580000, 0x0000000795580000)
  object space 87552K, 26% used [0x0000000740000000,0x000000074163fe20,0x0000000745580000)
 Metaspace       used 20317K, capacity 21354K, committed 21504K, reserved 1067008K
  class space    used 2791K, capacity 3016K, committed 3072K, reserved 1048576K
}

